Traceback (most recent call last):
  File "/Users/weero/fbf_fetcher/./fetch_multi.py", line 9, in <module>
    import os, json, requests, datetime as dt, pathlib, sys, shutil, glob, csv
ModuleNotFoundError: No module named 'requests'
Traceback (most recent call last):
  File "/Users/weero/fbf_fetcher/./fetch_multi.py", line 9, in <module>
    import os, json, requests, datetime as dt, pathlib, sys, shutil, glob, csv
ModuleNotFoundError: No module named 'requests'
Traceback (most recent call last):
  File "/Users/weero/fbf_fetcher/./fetch_multi.py", line 9, in <module>
    import os, json, requests, datetime as dt, pathlib, sys, shutil, glob, csv
ModuleNotFoundError: No module named 'requests'
Traceback (most recent call last):
  File "/Users/weero/fbf_fetcher/./fetch_multi.py", line 9, in <module>
    import os, json, requests, datetime as dt, pathlib, sys, shutil, glob, csv
ModuleNotFoundError: No module named 'requests'
Traceback (most recent call last):
  File "/Users/weero/fbf_fetcher/./fetch_multi.py", line 9, in <module>
    import os, json, requests, datetime as dt, pathlib, sys, shutil, glob, csv
ModuleNotFoundError: No module named 'requests'
Traceback (most recent call last):
  File "/Users/weero/fbf_fetcher/./fetch_multi.py", line 9, in <module>
    import os, json, requests, datetime as dt, pathlib, sys, shutil, glob, csv
ModuleNotFoundError: No module named 'requests'
Traceback (most recent call last):
  File "/Users/weero/fbf_fetcher/./fetch_multi.py", line 9, in <module>
    import os, json, requests, datetime as dt, pathlib, sys, shutil, glob, csv
ModuleNotFoundError: No module named 'requests'
Traceback (most recent call last):
  File "/Users/weero/fbf_fetcher/./fetch_multi.py", line 9, in <module>
    import os, json, requests, datetime as dt, pathlib, sys, shutil, glob, csv
ModuleNotFoundError: No module named 'requests'
Traceback (most recent call last):
  File "/Users/weero/fbf_fetcher/./fetch_multi.py", line 9, in <module>
    import os, json, requests, datetime as dt, pathlib, sys, shutil, glob, csv
ModuleNotFoundError: No module named 'requests'
Traceback (most recent call last):
  File "/Users/weero/fbf_fetcher/./fetch_multi.py", line 9, in <module>
    import os, json, requests, datetime as dt, pathlib, sys, shutil, glob, csv
ModuleNotFoundError: No module named 'requests'
Traceback (most recent call last):
  File "/Users/weero/fbf_fetcher/./fetch_multi.py", line 9, in <module>
    import os, json, requests, datetime as dt, pathlib, sys, shutil, glob, csv
ModuleNotFoundError: No module named 'requests'
Traceback (most recent call last):
  File "/Users/weero/fbf_fetcher/./fetch_multi.py", line 9, in <module>
    import os, json, requests, datetime as dt, pathlib, sys, shutil, glob, csv
ModuleNotFoundError: No module named 'requests'
Traceback (most recent call last):
  File "/Users/weero/fbf_fetcher/./fetch_multi.py", line 9, in <module>
    import os, json, requests, datetime as dt, pathlib, sys, shutil, glob, csv
ModuleNotFoundError: No module named 'requests'
Traceback (most recent call last):
  File "/Users/weero/fbf_fetcher/./fetch_multi.py", line 9, in <module>
    import os, json, requests, datetime as dt, pathlib, sys, shutil, glob, csv
ModuleNotFoundError: No module named 'requests'
Traceback (most recent call last):
  File "/Users/weero/fbf_fetcher/./fetch_multi.py", line 9, in <module>
    import os, json, requests, datetime as dt, pathlib, sys, shutil, glob, csv
ModuleNotFoundError: No module named 'requests'
Traceback (most recent call last):
  File "/Users/weero/fbf_fetcher/./fetch_multi.py", line 9, in <module>
    import os, json, requests, datetime as dt, pathlib, sys, shutil, glob, csv
ModuleNotFoundError: No module named 'requests'
Traceback (most recent call last):
  File "/Users/weero/fbf_fetcher/./fetch_multi.py", line 9, in <module>
    import os, json, requests, datetime as dt, pathlib, sys, shutil, glob, csv
ModuleNotFoundError: No module named 'requests'
Traceback (most recent call last):
  File "/Users/weero/fbf_fetcher/./fetch_multi.py", line 9, in <module>
    import os, json, requests, datetime as dt, pathlib, sys, shutil, glob, csv
ModuleNotFoundError: No module named 'requests'
Traceback (most recent call last):
  File "/Users/weero/fbf_fetcher/./fetch_multi.py", line 9, in <module>
    import os, json, requests, datetime as dt, pathlib, sys, shutil, glob, csv
ModuleNotFoundError: No module named 'requests'
Traceback (most recent call last):
  File "/Users/weero/fbf_fetcher/./fetch_multi.py", line 9, in <module>
    import os, json, requests, datetime as dt, pathlib, sys, shutil, glob, csv
ModuleNotFoundError: No module named 'requests'
Traceback (most recent call last):
  File "/Users/weero/fbf_fetcher/./fetch_multi.py", line 9, in <module>
    import os, json, requests, datetime as dt, pathlib, sys, shutil, glob, csv
ModuleNotFoundError: No module named 'requests'
Traceback (most recent call last):
  File "/Users/weero/fbf_fetcher/./fetch_multi.py", line 9, in <module>
    import os, json, requests, datetime as dt, pathlib, sys, shutil, glob, csv
ModuleNotFoundError: No module named 'requests'
✅ Wrote nfl_latest.json
✅ Wrote ncaaf_latest.json
✅ Wrote weather.json
✅ Wrote referees.json
✅ Wrote injuries.json
✅ Wrote power_ratings.json
✅ Wrote combined_test.json

[2025-11-08 09:00:00] 🕒 Starting fetch_multi.py run...
[2025-11-08 09:00:00] ✅ Fetch complete. Runtime: 0.21s.


[2025-11-08 12:00:00] 🕒 Starting fetch_multi.py run...
[2025-11-08 12:00:01] ✅ Fetch complete. Runtime: 0.17s.

